This file contains any messages produced by compilers while
running configure, to aid debugging if configure makes a mistake.

It was created by configure, which was
generated by GNU Autoconf 2.59.  Invocation command line was

  $ ./configure 

## --------- ##
## Platform. ##
## --------- ##

hostname = b
uname -m = i686
uname -r = 1.0.17(0.48/3/2)
uname -s = MINGW32_NT-6.1
uname -v = 2011-04-24 23:39

/usr/bin/uname -p = unknown
/bin/uname -X     = unknown

/bin/arch              = unknown
/usr/bin/arch -k       = unknown
/usr/convex/getsysinfo = unknown
hostinfo               = unknown
/bin/machine           = unknown
/usr/bin/oslevel       = unknown
/bin/universe          = unknown

PATH: .
PATH: /usr/local/bin
PATH: /mingw/bin
PATH: /bin
PATH: /c/Windows/system32
PATH: /c/Windows
PATH: /c/Windows/system32/wbem
PATH: /c/Program Files (x86)/NVIDIA Corporation/PhysX/Common
PATH: /c/Windows/System32/WindowsPowerShell/v1.0
PATH: /c/Program Files (x86)/Cppcheck
PATH: /r/git/bin
PATH: /r/svn/bin
PATH: /r/git/bin
PATH: /r/svn/bin


## ----------- ##
## Core tests. ##
## ----------- ##

configure:1546: checking for a BSD-compatible install
configure:1601: result: /bin/install -c
configure:1612: checking whether build environment is sane
configure:1655: result: yes
configure:1720: checking for gawk
configure:1736: found /bin/gawk
configure:1746: result: gawk
configure:1756: checking whether make sets $(MAKE)
configure:1780: result: no
configure:1993: checking for gcc
configure:2009: found /mingw/bin/gcc
configure:2019: result: gcc
configure:2263: checking for C compiler version
configure:2266: gcc --version </dev/null >&5
gcc.exe (tdm-1) 4.7.1
Copyright (C) 2012 Free Software Foundation, Inc.
This is free software; see the source for copying conditions.  There is NO
warranty; not even for MERCHANTABILITY or FITNESS FOR A PARTICULAR PURPOSE.

configure:2269: $? = 0
configure:2271: gcc -v </dev/null >&5
Using built-in specs.
COLLECT_GCC=r:\MinGW\bin\gcc.exe
COLLECT_LTO_WRAPPER=r:/mingw/bin/../libexec/gcc/mingw32/4.7.1/lto-wrapper.exe
Target: mingw32
Configured with: ../../src/gcc-4.7.1/configure --build=mingw32 --enable-languages=c,c++,ada,fortran,objc,obj-c++ --enable-threads=win32 --enable-libgomp --enable-lto --enable-fully-dynamic-string --enable-libstdcxx-debug --enable-version-specific-runtime-libs --with-gnu-ld --disable-nls --disable-win32-registry --disable-symvers --disable-build-poststage1-with-cxx --disable-werror --prefix=/mingw32tdm --with-local-prefix=/mingw32tdm --enable-cxx-flags='-fno-function-sections -fno-data-sections' --with-pkgversion=tdm-1 --enable-sjlj-exceptions --with-bugurl=http://tdm-gcc.tdragon.net/bugs
Thread model: win32
gcc version 4.7.1 (tdm-1) 
configure:2274: $? = 0
configure:2276: gcc -V </dev/null >&5
gcc.exe: error: unrecognized command line option '-V'
gcc.exe: fatal error: no input files
compilation terminated.
configure:2279: $? = 1
configure:2302: checking for C compiler default output file name
configure:2305: gcc    conftest.c  >&5
configure:2308: $? = 0
configure:2354: result: a.exe
configure:2359: checking whether the C compiler works
configure:2365: ./a.exe
configure:2368: $? = 0
configure:2385: result: yes
configure:2392: checking whether we are cross compiling
configure:2394: result: no
configure:2397: checking for suffix of executables
configure:2399: gcc -o conftest.exe    conftest.c  >&5
configure:2402: $? = 0
configure:2427: result: .exe
configure:2433: checking for suffix of object files
configure:2454: gcc -c   conftest.c >&5
configure:2457: $? = 0
configure:2479: result: o
configure:2483: checking whether we are using the GNU C compiler
configure:2507: gcc -c   conftest.c >&5
configure:2513: $? = 0
configure:2517: test -z 
			 || test ! -s conftest.err
configure:2520: $? = 0
configure:2523: test -s conftest.o
configure:2526: $? = 0
configure:2539: result: yes
configure:2545: checking whether gcc accepts -g
configure:2566: gcc -c -g  conftest.c >&5
configure:2572: $? = 0
configure:2576: test -z 
			 || test ! -s conftest.err
configure:2579: $? = 0
configure:2582: test -s conftest.o
configure:2585: $? = 0
configure:2596: result: yes
configure:2613: checking for gcc option to accept ANSI C
configure:2683: gcc  -c -g -O2  conftest.c >&5
configure:2689: $? = 0
configure:2693: test -z 
			 || test ! -s conftest.err
configure:2696: $? = 0
configure:2699: test -s conftest.o
configure:2702: $? = 0
configure:2720: result: none needed
configure:2738: gcc -c -g -O2  conftest.c >&5
conftest.c:2:3: error: unknown type name 'choke'
conftest.c:2:3: error: expected '=', ',', ';', 'asm' or '__attribute__' at end of input
configure:2744: $? = 1
configure: failed program was:
| #ifndef __cplusplus
|   choke me
| #endif
configure:2888: checking for style of include used by make
configure:2916: result: GNU
configure:2944: checking dependency style of gcc
configure:3034: result: gcc3
configure:3052: checking for an ANSI C-conforming const
configure:3119: gcc -c -g -O2  conftest.c >&5
configure:3125: $? = 0
configure:3129: test -z 
			 || test ! -s conftest.err
configure:3132: $? = 0
configure:3135: test -s conftest.o
configure:3138: $? = 0
configure:3149: result: yes
configure:3240: checking build system type
configure:3258: result: i686-pc-mingw32
configure:3266: checking host system type
configure:3280: result: i686-pc-mingw32
configure:3288: checking for a sed that does not truncate output
configure:3342: result: /bin/sed
configure:3345: checking for egrep
configure:3355: result: grep -E
configure:3371: checking for ld used by gcc
configure:3438: result: r:/mingw/mingw32/bin/ld.exe
configure:3447: checking if the linker (r:/mingw/mingw32/bin/ld.exe) is GNU ld
configure:3462: result: yes
configure:3467: checking for r:/mingw/mingw32/bin/ld.exe option to reload object files
configure:3474: result: -r
configure:3492: checking for BSD-compatible nm
configure:3534: result: /bin/nm -B
configure:3538: checking whether ln -s works
configure:3542: result: yes
configure:3549: checking how to recognise dependent libraries
configure:3721: result: file_magic file format pei*-i386(.*architecture: i386)?
configure:3933: checking how to run the C preprocessor
configure:3968: gcc -E  conftest.c
configure:3974: $? = 0
configure:4006: gcc -E  conftest.c
conftest.c:11:28: fatal error: ac_nonexistent.h: No such file or directory
compilation terminated.
configure:4012: $? = 1
configure: failed program was:
| /* confdefs.h.  */
| 
| #define PACKAGE_NAME ""
| #define PACKAGE_TARNAME ""
| #define PACKAGE_VERSION ""
| #define PACKAGE_STRING ""
| #define PACKAGE_BUGREPORT ""
| #define PACKAGE "openglut"
| #define VERSION "0.6.3"
| /* end confdefs.h.  */
| #include <ac_nonexistent.h>
configure:4051: result: gcc -E
configure:4075: gcc -E  conftest.c
configure:4081: $? = 0
configure:4113: gcc -E  conftest.c
conftest.c:11:28: fatal error: ac_nonexistent.h: No such file or directory
compilation terminated.
configure:4119: $? = 1
configure: failed program was:
| /* confdefs.h.  */
| 
| #define PACKAGE_NAME ""
| #define PACKAGE_TARNAME ""
| #define PACKAGE_VERSION ""
| #define PACKAGE_STRING ""
| #define PACKAGE_BUGREPORT ""
| #define PACKAGE "openglut"
| #define VERSION "0.6.3"
| /* end confdefs.h.  */
| #include <ac_nonexistent.h>
configure:4163: checking for ANSI C header files
configure:4188: gcc -c -g -O2  conftest.c >&5
configure:4194: $? = 0
configure:4198: test -z 
			 || test ! -s conftest.err
configure:4201: $? = 0
configure:4204: test -s conftest.o
configure:4207: $? = 0
configure:4296: gcc -o conftest.exe -g -O2   conftest.c  >&5
conftest.c: In function 'main':
conftest.c:28:7: warning: incompatible implicit declaration of built-in function 'exit' [enabled by default]
configure:4299: $? = 0
configure:4301: ./conftest.exe
configure:4304: $? = 0
configure:4319: result: yes
configure:4343: checking for sys/types.h
configure:4359: gcc -c -g -O2  conftest.c >&5
configure:4365: $? = 0
configure:4369: test -z 
			 || test ! -s conftest.err
configure:4372: $? = 0
configure:4375: test -s conftest.o
configure:4378: $? = 0
configure:4389: result: yes
configure:4343: checking for sys/stat.h
configure:4359: gcc -c -g -O2  conftest.c >&5
configure:4365: $? = 0
configure:4369: test -z 
			 || test ! -s conftest.err
configure:4372: $? = 0
configure:4375: test -s conftest.o
configure:4378: $? = 0
configure:4389: result: yes
configure:4343: checking for stdlib.h
configure:4359: gcc -c -g -O2  conftest.c >&5
configure:4365: $? = 0
configure:4369: test -z 
			 || test ! -s conftest.err
configure:4372: $? = 0
configure:4375: test -s conftest.o
configure:4378: $? = 0
configure:4389: result: yes
configure:4343: checking for string.h
configure:4359: gcc -c -g -O2  conftest.c >&5
configure:4365: $? = 0
configure:4369: test -z 
			 || test ! -s conftest.err
configure:4372: $? = 0
configure:4375: test -s conftest.o
configure:4378: $? = 0
configure:4389: result: yes
configure:4343: checking for memory.h
configure:4359: gcc -c -g -O2  conftest.c >&5
configure:4365: $? = 0
configure:4369: test -z 
			 || test ! -s conftest.err
configure:4372: $? = 0
configure:4375: test -s conftest.o
configure:4378: $? = 0
configure:4389: result: yes
configure:4343: checking for strings.h
configure:4359: gcc -c -g -O2  conftest.c >&5
configure:4365: $? = 0
configure:4369: test -z 
			 || test ! -s conftest.err
configure:4372: $? = 0
configure:4375: test -s conftest.o
configure:4378: $? = 0
configure:4389: result: yes
configure:4343: checking for inttypes.h
configure:4359: gcc -c -g -O2  conftest.c >&5
configure:4365: $? = 0
configure:4369: test -z 
			 || test ! -s conftest.err
configure:4372: $? = 0
configure:4375: test -s conftest.o
configure:4378: $? = 0
configure:4389: result: yes
configure:4343: checking for stdint.h
configure:4359: gcc -c -g -O2  conftest.c >&5
configure:4365: $? = 0
configure:4369: test -z 
			 || test ! -s conftest.err
configure:4372: $? = 0
configure:4375: test -s conftest.o
configure:4378: $? = 0
configure:4389: result: yes
configure:4343: checking for unistd.h
configure:4359: gcc -c -g -O2  conftest.c >&5
configure:4365: $? = 0
configure:4369: test -z 
			 || test ! -s conftest.err
configure:4372: $? = 0
configure:4375: test -s conftest.o
configure:4378: $? = 0
configure:4389: result: yes
configure:4415: checking dlfcn.h usability
configure:4427: gcc -c -g -O2  conftest.c >&5
conftest.c:55:19: fatal error: dlfcn.h: No such file or directory
compilation terminated.
configure:4433: $? = 1
configure: failed program was:
| /* confdefs.h.  */
| 
| #define PACKAGE_NAME ""
| #define PACKAGE_TARNAME ""
| #define PACKAGE_VERSION ""
| #define PACKAGE_STRING ""
| #define PACKAGE_BUGREPORT ""
| #define PACKAGE "openglut"
| #define VERSION "0.6.3"
| #define STDC_HEADERS 1
| #define HAVE_SYS_TYPES_H 1
| #define HAVE_SYS_STAT_H 1
| #define HAVE_STDLIB_H 1
| #define HAVE_STRING_H 1
| #define HAVE_MEMORY_H 1
| #define HAVE_STRINGS_H 1
| #define HAVE_INTTYPES_H 1
| #define HAVE_STDINT_H 1
| #define HAVE_UNISTD_H 1
| /* end confdefs.h.  */
| #include <stdio.h>
| #if HAVE_SYS_TYPES_H
| # include <sys/types.h>
| #endif
| #if HAVE_SYS_STAT_H
| # include <sys/stat.h>
| #endif
| #if STDC_HEADERS
| # include <stdlib.h>
| # include <stddef.h>
| #else
| # if HAVE_STDLIB_H
| #  include <stdlib.h>
| # endif
| #endif
| #if HAVE_STRING_H
| # if !STDC_HEADERS && HAVE_MEMORY_H
| #  include <memory.h>
| # endif
| # include <string.h>
| #endif
| #if HAVE_STRINGS_H
| # include <strings.h>
| #endif
| #if HAVE_INTTYPES_H
| # include <inttypes.h>
| #else
| # if HAVE_STDINT_H
| #  include <stdint.h>
| # endif
| #endif
| #if HAVE_UNISTD_H
| # include <unistd.h>
| #endif
| #include <dlfcn.h>
configure:4456: result: no
configure:4460: checking dlfcn.h presence
configure:4470: gcc -E  conftest.c
conftest.c:21:19: fatal error: dlfcn.h: No such file or directory
compilation terminated.
configure:4476: $? = 1
configure: failed program was:
| /* confdefs.h.  */
| 
| #define PACKAGE_NAME ""
| #define PACKAGE_TARNAME ""
| #define PACKAGE_VERSION ""
| #define PACKAGE_STRING ""
| #define PACKAGE_BUGREPORT ""
| #define PACKAGE "openglut"
| #define VERSION "0.6.3"
| #define STDC_HEADERS 1
| #define HAVE_SYS_TYPES_H 1
| #define HAVE_SYS_STAT_H 1
| #define HAVE_STDLIB_H 1
| #define HAVE_STRING_H 1
| #define HAVE_MEMORY_H 1
| #define HAVE_STRINGS_H 1
| #define HAVE_INTTYPES_H 1
| #define HAVE_STDINT_H 1
| #define HAVE_UNISTD_H 1
| /* end confdefs.h.  */
| #include <dlfcn.h>
configure:4496: result: no
configure:4531: checking for dlfcn.h
configure:4538: result: no
configure:4603: checking for g++
configure:4619: found /mingw/bin/g++
configure:4629: result: g++
configure:4645: checking for C++ compiler version
configure:4648: g++ --version </dev/null >&5
g++.exe (tdm-1) 4.7.1
Copyright (C) 2012 Free Software Foundation, Inc.
This is free software; see the source for copying conditions.  There is NO
warranty; not even for MERCHANTABILITY or FITNESS FOR A PARTICULAR PURPOSE.

configure:4651: $? = 0
configure:4653: g++ -v </dev/null >&5
Using built-in specs.
COLLECT_GCC=r:\MinGW\bin\g++.exe
COLLECT_LTO_WRAPPER=r:/mingw/bin/../libexec/gcc/mingw32/4.7.1/lto-wrapper.exe
Target: mingw32
Configured with: ../../src/gcc-4.7.1/configure --build=mingw32 --enable-languages=c,c++,ada,fortran,objc,obj-c++ --enable-threads=win32 --enable-libgomp --enable-lto --enable-fully-dynamic-string --enable-libstdcxx-debug --enable-version-specific-runtime-libs --with-gnu-ld --disable-nls --disable-win32-registry --disable-symvers --disable-build-poststage1-with-cxx --disable-werror --prefix=/mingw32tdm --with-local-prefix=/mingw32tdm --enable-cxx-flags='-fno-function-sections -fno-data-sections' --with-pkgversion=tdm-1 --enable-sjlj-exceptions --with-bugurl=http://tdm-gcc.tdragon.net/bugs
Thread model: win32
gcc version 4.7.1 (tdm-1) 
configure:4656: $? = 0
configure:4658: g++ -V </dev/null >&5
g++.exe: error: unrecognized command line option '-V'
g++.exe: fatal error: no input files
compilation terminated.
configure:4661: $? = 1
configure:4664: checking whether we are using the GNU C++ compiler
configure:4688: g++ -c   conftest.cc >&5
configure:4694: $? = 0
configure:4698: test -z 
			 || test ! -s conftest.err
configure:4701: $? = 0
configure:4704: test -s conftest.o
configure:4707: $? = 0
configure:4720: result: yes
configure:4726: checking whether g++ accepts -g
configure:4747: g++ -c -g  conftest.cc >&5
configure:4753: $? = 0
configure:4757: test -z 
			 || test ! -s conftest.err
configure:4760: $? = 0
configure:4763: test -s conftest.o
configure:4766: $? = 0
configure:4777: result: yes
configure:4819: g++ -c -g -O2  conftest.cc >&5
configure:4825: $? = 0
configure:4829: test -z 
			 || test ! -s conftest.err
configure:4832: $? = 0
configure:4835: test -s conftest.o
configure:4838: $? = 0
configure:4864: g++ -c -g -O2  conftest.cc >&5
conftest.cc: In function 'int main()':
conftest.cc:25:9: error: 'exit' was not declared in this scope
configure:4870: $? = 1
configure: failed program was:
| /* confdefs.h.  */
| 
| #define PACKAGE_NAME ""
| #define PACKAGE_TARNAME ""
| #define PACKAGE_VERSION ""
| #define PACKAGE_STRING ""
| #define PACKAGE_BUGREPORT ""
| #define PACKAGE "openglut"
| #define VERSION "0.6.3"
| #define STDC_HEADERS 1
| #define HAVE_SYS_TYPES_H 1
| #define HAVE_SYS_STAT_H 1
| #define HAVE_STDLIB_H 1
| #define HAVE_STRING_H 1
| #define HAVE_MEMORY_H 1
| #define HAVE_STRINGS_H 1
| #define HAVE_INTTYPES_H 1
| #define HAVE_STDINT_H 1
| #define HAVE_UNISTD_H 1
| /* end confdefs.h.  */
| 
| int
| main ()
| {
| exit (42);
|   ;
|   return 0;
| }
configure:4819: g++ -c -g -O2  conftest.cc >&5
conftest.cc:21:40: error: 'void std::exit(int)' should have been declared inside 'std'
In file included from conftest.cc:22:0:
r:\mingw\bin\../lib/gcc/mingw32/4.7.1/../../../../include/stdlib.h:360:49: error: declaration of 'void std::exit(int)' has a different exception specifier
conftest.cc:21:17: error: from previous declaration 'void std::exit(int) throw ()'
configure:4825: $? = 1
configure: failed program was:
| /* confdefs.h.  */
| 
| #define PACKAGE_NAME ""
| #define PACKAGE_TARNAME ""
| #define PACKAGE_VERSION ""
| #define PACKAGE_STRING ""
| #define PACKAGE_BUGREPORT ""
| #define PACKAGE "openglut"
| #define VERSION "0.6.3"
| #define STDC_HEADERS 1
| #define HAVE_SYS_TYPES_H 1
| #define HAVE_SYS_STAT_H 1
| #define HAVE_STDLIB_H 1
| #define HAVE_STRING_H 1
| #define HAVE_MEMORY_H 1
| #define HAVE_STRINGS_H 1
| #define HAVE_INTTYPES_H 1
| #define HAVE_STDINT_H 1
| #define HAVE_UNISTD_H 1
| /* end confdefs.h.  */
| extern "C" void std::exit (int) throw (); using std::exit;
| #include <stdlib.h>
| int
| main ()
| {
| exit (42);
|   ;
|   return 0;
| }
configure:4819: g++ -c -g -O2  conftest.cc >&5
conftest.cc:21:31: error: 'void std::exit(int)' should have been declared inside 'std'
configure:4825: $? = 1
configure: failed program was:
| /* confdefs.h.  */
| 
| #define PACKAGE_NAME ""
| #define PACKAGE_TARNAME ""
| #define PACKAGE_VERSION ""
| #define PACKAGE_STRING ""
| #define PACKAGE_BUGREPORT ""
| #define PACKAGE "openglut"
| #define VERSION "0.6.3"
| #define STDC_HEADERS 1
| #define HAVE_SYS_TYPES_H 1
| #define HAVE_SYS_STAT_H 1
| #define HAVE_STDLIB_H 1
| #define HAVE_STRING_H 1
| #define HAVE_MEMORY_H 1
| #define HAVE_STRINGS_H 1
| #define HAVE_INTTYPES_H 1
| #define HAVE_STDINT_H 1
| #define HAVE_UNISTD_H 1
| /* end confdefs.h.  */
| extern "C" void std::exit (int); using std::exit;
| #include <stdlib.h>
| int
| main ()
| {
| exit (42);
|   ;
|   return 0;
| }
configure:4819: g++ -c -g -O2  conftest.cc >&5
In file included from conftest.cc:22:0:
r:\mingw\bin\../lib/gcc/mingw32/4.7.1/../../../../include/stdlib.h:360:49: error: declaration of 'void exit(int)' has a different exception specifier
conftest.cc:21:17: error: from previous declaration 'void exit(int) throw ()'
configure:4825: $? = 1
configure: failed program was:
| /* confdefs.h.  */
| 
| #define PACKAGE_NAME ""
| #define PACKAGE_TARNAME ""
| #define PACKAGE_VERSION ""
| #define PACKAGE_STRING ""
| #define PACKAGE_BUGREPORT ""
| #define PACKAGE "openglut"
| #define VERSION "0.6.3"
| #define STDC_HEADERS 1
| #define HAVE_SYS_TYPES_H 1
| #define HAVE_SYS_STAT_H 1
| #define HAVE_STDLIB_H 1
| #define HAVE_STRING_H 1
| #define HAVE_MEMORY_H 1
| #define HAVE_STRINGS_H 1
| #define HAVE_INTTYPES_H 1
| #define HAVE_STDINT_H 1
| #define HAVE_UNISTD_H 1
| /* end confdefs.h.  */
| extern "C" void exit (int) throw ();
| #include <stdlib.h>
| int
| main ()
| {
| exit (42);
|   ;
|   return 0;
| }
configure:4819: g++ -c -g -O2  conftest.cc >&5
configure:4825: $? = 0
configure:4829: test -z 
			 || test ! -s conftest.err
configure:4832: $? = 0
configure:4835: test -s conftest.o
configure:4838: $? = 0
configure:4864: g++ -c -g -O2  conftest.cc >&5
configure:4870: $? = 0
configure:4874: test -z 
			 || test ! -s conftest.err
configure:4877: $? = 0
configure:4880: test -s conftest.o
configure:4883: $? = 0
configure:4908: checking dependency style of g++
configure:4998: result: gcc3
configure:5025: checking how to run the C++ preprocessor
configure:5056: g++ -E  conftest.cc
configure:5062: $? = 0
configure:5094: g++ -E  conftest.cc
conftest.cc:24:28: fatal error: ac_nonexistent.h: No such file or directory
compilation terminated.
configure:5100: $? = 1
configure: failed program was:
| /* confdefs.h.  */
| 
| #define PACKAGE_NAME ""
| #define PACKAGE_TARNAME ""
| #define PACKAGE_VERSION ""
| #define PACKAGE_STRING ""
| #define PACKAGE_BUGREPORT ""
| #define PACKAGE "openglut"
| #define VERSION "0.6.3"
| #define STDC_HEADERS 1
| #define HAVE_SYS_TYPES_H 1
| #define HAVE_SYS_STAT_H 1
| #define HAVE_STDLIB_H 1
| #define HAVE_STRING_H 1
| #define HAVE_MEMORY_H 1
| #define HAVE_STRINGS_H 1
| #define HAVE_INTTYPES_H 1
| #define HAVE_STDINT_H 1
| #define HAVE_UNISTD_H 1
| #ifdef __cplusplus
| extern "C" void exit (int);
| #endif
| /* end confdefs.h.  */
| #include <ac_nonexistent.h>
configure:5139: result: g++ -E
configure:5163: g++ -E  conftest.cc
configure:5169: $? = 0
configure:5201: g++ -E  conftest.cc
conftest.cc:24:28: fatal error: ac_nonexistent.h: No such file or directory
compilation terminated.
configure:5207: $? = 1
configure: failed program was:
| /* confdefs.h.  */
| 
| #define PACKAGE_NAME ""
| #define PACKAGE_TARNAME ""
| #define PACKAGE_VERSION ""
| #define PACKAGE_STRING ""
| #define PACKAGE_BUGREPORT ""
| #define PACKAGE "openglut"
| #define VERSION "0.6.3"
| #define STDC_HEADERS 1
| #define HAVE_SYS_TYPES_H 1
| #define HAVE_SYS_STAT_H 1
| #define HAVE_STDLIB_H 1
| #define HAVE_STRING_H 1
| #define HAVE_MEMORY_H 1
| #define HAVE_STRINGS_H 1
| #define HAVE_INTTYPES_H 1
| #define HAVE_STDINT_H 1
| #define HAVE_UNISTD_H 1
| #ifdef __cplusplus
| extern "C" void exit (int);
| #endif
| /* end confdefs.h.  */
| #include <ac_nonexistent.h>
configure:5304: checking for g77
configure:5333: result: no
configure:5304: checking for f77
configure:5333: result: no
configure:5304: checking for xlf
configure:5333: result: no
configure:5304: checking for frt
configure:5333: result: no
configure:5304: checking for pgf77
configure:5333: result: no
configure:5304: checking for fort77
configure:5333: result: no
configure:5304: checking for fl32
configure:5333: result: no
configure:5304: checking for af77
configure:5333: result: no
configure:5304: checking for f90
configure:5333: result: no
configure:5304: checking for xlf90
configure:5333: result: no
configure:5304: checking for pgf90
configure:5333: result: no
configure:5304: checking for epcf90
configure:5333: result: no
configure:5304: checking for f95
configure:5333: result: no
configure:5304: checking for fort
configure:5333: result: no
configure:5304: checking for xlf95
configure:5333: result: no
configure:5304: checking for ifc
configure:5333: result: no
configure:5304: checking for efc
configure:5333: result: no
configure:5304: checking for pgf95
configure:5333: result: no
configure:5304: checking for lf95
configure:5333: result: no
configure:5304: checking for gfortran
configure:5333: result: no
configure:5345: checking for Fortran 77 compiler version
configure:5348:  --version </dev/null >&5
./configure: line 5349: --version: command not found
configure:5351: $? = 127
configure:5353:  -v </dev/null >&5
./configure: line 5354: -v: command not found
configure:5356: $? = 127
configure:5358:  -V </dev/null >&5
./configure: line 5359: -V: command not found
configure:5361: $? = 127
configure:5369: checking whether we are using the GNU Fortran 77 compiler
configure:5383:  -c  conftest.F >&5
./configure: line 5384: -c: command not found
configure:5389: $? = 127
configure: failed program was:
|       program main
| #ifndef __GNUC__
|        choke me
| #endif
| 
|       end
configure:5415: result: no
configure:5421: checking whether  accepts -g
configure:5433:  -c -g conftest.f >&5
./configure: line 5434: -c: command not found
configure:5439: $? = 127
configure: failed program was:
|       program main
| 
|       end
configure:5464: result: no
configure:5494: checking the maximum length of command line arguments
configure:5573: result: 8192
configure:5584: checking command to parse /bin/nm -B output from gcc object
configure:5680: gcc -c -g -O2  conftest.c >&5
configure:5683: $? = 0
configure:5687: /bin/nm -B conftest.o \| sed -n -e 's/^.*[ 	]\([ABCDGIRSTW][ABCDGIRSTW]*\)[ 	][ 	]*\(\)\([_A-Za-z][_A-Za-z0-9]*\)\{0,1\}$/\1 \2\3 \3/p' \> conftest.nm
configure:5690: $? = 0
cannot find nm_test_var in conftest.nm
configure:5680: gcc -c -g -O2  conftest.c >&5
configure:5683: $? = 0
configure:5687: /bin/nm -B conftest.o \| sed -n -e 's/^.*[ 	]\([ABCDGIRSTW][ABCDGIRSTW]*\)[ 	][ 	]*\(_\)\([_A-Za-z][_A-Za-z0-9]*\)\{0,1\}$/\1 \2\3 \3/p' \> conftest.nm
configure:5690: $? = 0
configure:5742: gcc -o conftest.exe -g -O2   conftest.c conftstm.o >&5
configure:5745: $? = 0
configure:5783: result: ok
configure:5787: checking for objdir
configure:5802: result: .libs
configure:5892: checking for ar
configure:5908: found /mingw/bin/ar
configure:5919: result: ar
configure:5972: checking for ranlib
configure:5988: found /mingw/bin/ranlib
configure:5999: result: ranlib
configure:6052: checking for strip
configure:6068: found /mingw/bin/strip
configure:6079: result: strip
configure:6343: checking if gcc static flag  works
configure:6366: result: yes
configure:6384: checking if gcc supports -fno-rtti -fno-exceptions
configure:6402: gcc -c -g -O2  -fno-rtti -fno-exceptions conftest.c >&5
cc1.exe: warning: command line option '-fno-rtti' is valid for C++/ObjC++ but not for C [enabled by default]
configure:6406: $? = 0
configure:6417: result: no
configure:6432: checking for gcc option to produce PIC
configure:6619: result: -DDLL_EXPORT
configure:6627: checking if gcc PIC flag -DDLL_EXPORT works
configure:6645: gcc -c -g -O2  -DDLL_EXPORT -DPIC conftest.c >&5
configure:6649: $? = 0
configure:6660: result: yes
configure:6684: checking if gcc supports -c -o file.o
configure:6705: gcc -c -g -O2  -o out/conftest2.o conftest.c >&5
configure:6709: $? = 0
configure:6729: result: yes
configure:6755: checking whether the gcc linker (r:/mingw/mingw32/bin/ld.exe) supports shared libraries
configure:7604: result: yes
configure:7630: checking whether -lc should be explicitly linked in
configure:7635: gcc -c -g -O2  conftest.c >&5
configure:7638: $? = 0
configure:7652: gcc -shared conftest.o  -v -o ./conftest -Wl,--image-base=0x10000000 -Wl,--out-implib,conftest 2\>\&1 \| grep  -lc  \>/dev/null 2\>\&1
configure:7655: $? = 1
configure:7667: result: yes
configure:7675: checking dynamic linker characteristics
configure:8215: result: Win32 ld.exe
configure:8219: checking how to hardcode library paths into programs
configure:8244: result: immediate
configure:8258: checking whether stripping libraries is possible
configure:8263: result: yes
configure:9093: checking if libtool supports shared libraries
configure:9095: result: yes
configure:9098: checking whether to build shared libraries
configure:9119: result: yes
configure:9122: checking whether to build static libraries
configure:9126: result: yes
configure:9218: creating libtool
configure:9767: checking for ld used by g++
configure:9834: result: r:/mingw/mingw32/bin/ld.exe
configure:9843: checking if the linker (r:/mingw/mingw32/bin/ld.exe) is GNU ld
configure:9858: result: yes
configure:9909: checking whether the g++ linker (r:/mingw/mingw32/bin/ld.exe) supports shared libraries
configure:10776: result: yes
configure:10794: g++ -c -g -O2  conftest.cc >&5
configure:10797: $? = 0
configure:10893: checking for g++ option to produce PIC
configure:11155: result: -DDLL_EXPORT
configure:11163: checking if g++ PIC flag -DDLL_EXPORT works
configure:11181: g++ -c -g -O2  -DDLL_EXPORT -DPIC conftest.cc >&5
configure:11185: $? = 0
configure:11196: result: yes
configure:11220: checking if g++ supports -c -o file.o
configure:11241: g++ -c -g -O2  -o out/conftest2.o conftest.cc >&5
configure:11245: $? = 0
configure:11265: result: yes
configure:11291: checking whether the g++ linker (r:/mingw/mingw32/bin/ld.exe) supports shared libraries
configure:11316: result: yes
configure:11387: checking dynamic linker characteristics
configure:11927: result: Win32 ld.exe
configure:11931: checking how to hardcode library paths into programs
configure:11956: result: immediate
configure:11970: checking whether stripping libraries is possible
configure:11975: result: yes
configure:19234: checking for X
configure:19339: gcc -E  conftest.c
conftest.c:24:27: fatal error: X11/Intrinsic.h: No such file or directory
compilation terminated.
configure:19345: $? = 1
configure: failed program was:
| /* confdefs.h.  */
| 
| #define PACKAGE_NAME ""
| #define PACKAGE_TARNAME ""
| #define PACKAGE_VERSION ""
| #define PACKAGE_STRING ""
| #define PACKAGE_BUGREPORT ""
| #define PACKAGE "openglut"
| #define VERSION "0.6.3"
| #define STDC_HEADERS 1
| #define HAVE_SYS_TYPES_H 1
| #define HAVE_SYS_STAT_H 1
| #define HAVE_STDLIB_H 1
| #define HAVE_STRING_H 1
| #define HAVE_MEMORY_H 1
| #define HAVE_STRINGS_H 1
| #define HAVE_INTTYPES_H 1
| #define HAVE_STDINT_H 1
| #define HAVE_UNISTD_H 1
| #ifdef __cplusplus
| extern "C" void exit (int);
| #endif
| /* end confdefs.h.  */
| #include <X11/Intrinsic.h>
configure:19395: gcc -o conftest.exe -g -O2   conftest.c -lXt  >&5
conftest.c:24:27: fatal error: X11/Intrinsic.h: No such file or directory
compilation terminated.
configure:19401: $? = 1
configure: failed program was:
| /* confdefs.h.  */
| 
| #define PACKAGE_NAME ""
| #define PACKAGE_TARNAME ""
| #define PACKAGE_VERSION ""
| #define PACKAGE_STRING ""
| #define PACKAGE_BUGREPORT ""
| #define PACKAGE "openglut"
| #define VERSION "0.6.3"
| #define STDC_HEADERS 1
| #define HAVE_SYS_TYPES_H 1
| #define HAVE_SYS_STAT_H 1
| #define HAVE_STDLIB_H 1
| #define HAVE_STRING_H 1
| #define HAVE_MEMORY_H 1
| #define HAVE_STRINGS_H 1
| #define HAVE_INTTYPES_H 1
| #define HAVE_STDINT_H 1
| #define HAVE_UNISTD_H 1
| #ifdef __cplusplus
| extern "C" void exit (int);
| #endif
| /* end confdefs.h.  */
| #include <X11/Intrinsic.h>
| int
| main ()
| {
| XtMalloc (0)
|   ;
|   return 0;
| }
configure:19454: result: no
configure:20623: checking for XF86VidModeSwitchToMode in -lXxf86vm
configure:20653: gcc -o conftest.exe -g -O2   conftest.c -lXxf86vm  -lXext -lX11  >&5
r:/mingw/bin/../lib/gcc/mingw32/4.7.1/../../../../mingw32/bin/ld.exe: cannot find -lXxf86vm
r:/mingw/bin/../lib/gcc/mingw32/4.7.1/../../../../mingw32/bin/ld.exe: cannot find -lXext
r:/mingw/bin/../lib/gcc/mingw32/4.7.1/../../../../mingw32/bin/ld.exe: cannot find -lX11
collect2.exe: error: ld returned 1 exit status
configure:20659: $? = 1
configure: failed program was:
| /* confdefs.h.  */
| 
| #define PACKAGE_NAME ""
| #define PACKAGE_TARNAME ""
| #define PACKAGE_VERSION ""
| #define PACKAGE_STRING ""
| #define PACKAGE_BUGREPORT ""
| #define PACKAGE "openglut"
| #define VERSION "0.6.3"
| #define STDC_HEADERS 1
| #define HAVE_SYS_TYPES_H 1
| #define HAVE_SYS_STAT_H 1
| #define HAVE_STDLIB_H 1
| #define HAVE_STRING_H 1
| #define HAVE_MEMORY_H 1
| #define HAVE_STRINGS_H 1
| #define HAVE_INTTYPES_H 1
| #define HAVE_STDINT_H 1
| #define HAVE_UNISTD_H 1
| #ifdef __cplusplus
| extern "C" void exit (int);
| #endif
| #define X_DISPLAY_MISSING 1
| /* end confdefs.h.  */
| 
| /* Override any gcc2 internal prototype to avoid an error.  */
| #ifdef __cplusplus
| extern "C"
| #endif
| /* We use char because int might match the return type of a gcc2
|    builtin and then its argument prototype would still apply.  */
| char XF86VidModeSwitchToMode ();
| int
| main ()
| {
| XF86VidModeSwitchToMode ();
|   ;
|   return 0;
| }
configure:20685: result: no
configure:20696: checking for hid_get_report_desc in -lusbhid
configure:20726: gcc -o conftest.exe -g -O2   conftest.c -lusbhid   >&5
r:/mingw/bin/../lib/gcc/mingw32/4.7.1/../../../../mingw32/bin/ld.exe: cannot find -lusbhid
collect2.exe: error: ld returned 1 exit status
configure:20732: $? = 1
configure: failed program was:
| /* confdefs.h.  */
| 
| #define PACKAGE_NAME ""
| #define PACKAGE_TARNAME ""
| #define PACKAGE_VERSION ""
| #define PACKAGE_STRING ""
| #define PACKAGE_BUGREPORT ""
| #define PACKAGE "openglut"
| #define VERSION "0.6.3"
| #define STDC_HEADERS 1
| #define HAVE_SYS_TYPES_H 1
| #define HAVE_SYS_STAT_H 1
| #define HAVE_STDLIB_H 1
| #define HAVE_STRING_H 1
| #define HAVE_MEMORY_H 1
| #define HAVE_STRINGS_H 1
| #define HAVE_INTTYPES_H 1
| #define HAVE_STDINT_H 1
| #define HAVE_UNISTD_H 1
| #ifdef __cplusplus
| extern "C" void exit (int);
| #endif
| #define X_DISPLAY_MISSING 1
| /* end confdefs.h.  */
| 
| /* Override any gcc2 internal prototype to avoid an error.  */
| #ifdef __cplusplus
| extern "C"
| #endif
| /* We use char because int might match the return type of a gcc2
|    builtin and then its argument prototype would still apply.  */
| char hid_get_report_desc ();
| int
| main ()
| {
| hid_get_report_desc ();
|   ;
|   return 0;
| }
configure:20758: result: no
configure:20770: checking for ANSI C header files
configure:20926: result: yes
configure:20953: checking GL/gl.h usability
configure:20965: gcc -c -g -O2  conftest.c >&5
configure:20971: $? = 0
configure:20975: test -z 
			 || test ! -s conftest.err
configure:20978: $? = 0
configure:20981: test -s conftest.o
configure:20984: $? = 0
configure:20994: result: yes
configure:20998: checking GL/gl.h presence
configure:21008: gcc -E  conftest.c
configure:21014: $? = 0
configure:21034: result: yes
configure:21069: checking for GL/gl.h
configure:21076: result: yes
configure:20953: checking GL/glu.h usability
configure:20965: gcc -c -g -O2  conftest.c >&5
configure:20971: $? = 0
configure:20975: test -z 
			 || test ! -s conftest.err
configure:20978: $? = 0
configure:20981: test -s conftest.o
configure:20984: $? = 0
configure:20994: result: yes
configure:20998: checking GL/glu.h presence
configure:21008: gcc -E  conftest.c
configure:21014: $? = 0
configure:21034: result: yes
configure:21069: checking for GL/glu.h
configure:21076: result: yes
configure:20953: checking GL/glx.h usability
configure:20965: gcc -c -g -O2  conftest.c >&5
conftest.c:62:20: fatal error: GL/glx.h: No such file or directory
compilation terminated.
configure:20971: $? = 1
configure: failed program was:
| /* confdefs.h.  */
| 
| #define PACKAGE_NAME ""
| #define PACKAGE_TARNAME ""
| #define PACKAGE_VERSION ""
| #define PACKAGE_STRING ""
| #define PACKAGE_BUGREPORT ""
| #define PACKAGE "openglut"
| #define VERSION "0.6.3"
| #define STDC_HEADERS 1
| #define HAVE_SYS_TYPES_H 1
| #define HAVE_SYS_STAT_H 1
| #define HAVE_STDLIB_H 1
| #define HAVE_STRING_H 1
| #define HAVE_MEMORY_H 1
| #define HAVE_STRINGS_H 1
| #define HAVE_INTTYPES_H 1
| #define HAVE_STDINT_H 1
| #define HAVE_UNISTD_H 1
| #ifdef __cplusplus
| extern "C" void exit (int);
| #endif
| #define X_DISPLAY_MISSING 1
| #define STDC_HEADERS 1
| #define HAVE_GL_GL_H 1
| #define HAVE_GL_GLU_H 1
| /* end confdefs.h.  */
| #include <stdio.h>
| #if HAVE_SYS_TYPES_H
| # include <sys/types.h>
| #endif
| #if HAVE_SYS_STAT_H
| # include <sys/stat.h>
| #endif
| #if STDC_HEADERS
| # include <stdlib.h>
| # include <stddef.h>
| #else
| # if HAVE_STDLIB_H
| #  include <stdlib.h>
| # endif
| #endif
| #if HAVE_STRING_H
| # if !STDC_HEADERS && HAVE_MEMORY_H
| #  include <memory.h>
| # endif
| # include <string.h>
| #endif
| #if HAVE_STRINGS_H
| # include <strings.h>
| #endif
| #if HAVE_INTTYPES_H
| # include <inttypes.h>
| #else
| # if HAVE_STDINT_H
| #  include <stdint.h>
| # endif
| #endif
| #if HAVE_UNISTD_H
| # include <unistd.h>
| #endif
| #include <GL/glx.h>
configure:20994: result: no
configure:20998: checking GL/glx.h presence
configure:21008: gcc -E  conftest.c
conftest.c:28:20: fatal error: GL/glx.h: No such file or directory
compilation terminated.
configure:21014: $? = 1
configure: failed program was:
| /* confdefs.h.  */
| 
| #define PACKAGE_NAME ""
| #define PACKAGE_TARNAME ""
| #define PACKAGE_VERSION ""
| #define PACKAGE_STRING ""
| #define PACKAGE_BUGREPORT ""
| #define PACKAGE "openglut"
| #define VERSION "0.6.3"
| #define STDC_HEADERS 1
| #define HAVE_SYS_TYPES_H 1
| #define HAVE_SYS_STAT_H 1
| #define HAVE_STDLIB_H 1
| #define HAVE_STRING_H 1
| #define HAVE_MEMORY_H 1
| #define HAVE_STRINGS_H 1
| #define HAVE_INTTYPES_H 1
| #define HAVE_STDINT_H 1
| #define HAVE_UNISTD_H 1
| #ifdef __cplusplus
| extern "C" void exit (int);
| #endif
| #define X_DISPLAY_MISSING 1
| #define STDC_HEADERS 1
| #define HAVE_GL_GL_H 1
| #define HAVE_GL_GLU_H 1
| /* end confdefs.h.  */
| #include <GL/glx.h>
configure:21034: result: no
configure:21069: checking for GL/glx.h
configure:21076: result: no
configure:20953: checking usbhid.h usability
configure:20965: gcc -c -g -O2  conftest.c >&5
conftest.c:62:20: fatal error: usbhid.h: No such file or directory
compilation terminated.
configure:20971: $? = 1
configure: failed program was:
| /* confdefs.h.  */
| 
| #define PACKAGE_NAME ""
| #define PACKAGE_TARNAME ""
| #define PACKAGE_VERSION ""
| #define PACKAGE_STRING ""
| #define PACKAGE_BUGREPORT ""
| #define PACKAGE "openglut"
| #define VERSION "0.6.3"
| #define STDC_HEADERS 1
| #define HAVE_SYS_TYPES_H 1
| #define HAVE_SYS_STAT_H 1
| #define HAVE_STDLIB_H 1
| #define HAVE_STRING_H 1
| #define HAVE_MEMORY_H 1
| #define HAVE_STRINGS_H 1
| #define HAVE_INTTYPES_H 1
| #define HAVE_STDINT_H 1
| #define HAVE_UNISTD_H 1
| #ifdef __cplusplus
| extern "C" void exit (int);
| #endif
| #define X_DISPLAY_MISSING 1
| #define STDC_HEADERS 1
| #define HAVE_GL_GL_H 1
| #define HAVE_GL_GLU_H 1
| /* end confdefs.h.  */
| #include <stdio.h>
| #if HAVE_SYS_TYPES_H
| # include <sys/types.h>
| #endif
| #if HAVE_SYS_STAT_H
| # include <sys/stat.h>
| #endif
| #if STDC_HEADERS
| # include <stdlib.h>
| # include <stddef.h>
| #else
| # if HAVE_STDLIB_H
| #  include <stdlib.h>
| # endif
| #endif
| #if HAVE_STRING_H
| # if !STDC_HEADERS && HAVE_MEMORY_H
| #  include <memory.h>
| # endif
| # include <string.h>
| #endif
| #if HAVE_STRINGS_H
| # include <strings.h>
| #endif
| #if HAVE_INTTYPES_H
| # include <inttypes.h>
| #else
| # if HAVE_STDINT_H
| #  include <stdint.h>
| # endif
| #endif
| #if HAVE_UNISTD_H
| # include <unistd.h>
| #endif
| #include <usbhid.h>
configure:20994: result: no
configure:20998: checking usbhid.h presence
configure:21008: gcc -E  conftest.c
conftest.c:28:20: fatal error: usbhid.h: No such file or directory
compilation terminated.
configure:21014: $? = 1
configure: failed program was:
| /* confdefs.h.  */
| 
| #define PACKAGE_NAME ""
| #define PACKAGE_TARNAME ""
| #define PACKAGE_VERSION ""
| #define PACKAGE_STRING ""
| #define PACKAGE_BUGREPORT ""
| #define PACKAGE "openglut"
| #define VERSION "0.6.3"
| #define STDC_HEADERS 1
| #define HAVE_SYS_TYPES_H 1
| #define HAVE_SYS_STAT_H 1
| #define HAVE_STDLIB_H 1
| #define HAVE_STRING_H 1
| #define HAVE_MEMORY_H 1
| #define HAVE_STRINGS_H 1
| #define HAVE_INTTYPES_H 1
| #define HAVE_STDINT_H 1
| #define HAVE_UNISTD_H 1
| #ifdef __cplusplus
| extern "C" void exit (int);
| #endif
| #define X_DISPLAY_MISSING 1
| #define STDC_HEADERS 1
| #define HAVE_GL_GL_H 1
| #define HAVE_GL_GLU_H 1
| /* end confdefs.h.  */
| #include <usbhid.h>
configure:21034: result: no
configure:21069: checking for usbhid.h
configure:21076: result: no
configure:21096: checking for X11/extensions/xf86vmode.h
configure:21112: gcc -c -g -O2   conftest.c >&5
conftest.c:28:22: fatal error: X11/Xlib.h: No such file or directory
compilation terminated.
configure:21118: $? = 1
configure: failed program was:
| /* confdefs.h.  */
| 
| #define PACKAGE_NAME ""
| #define PACKAGE_TARNAME ""
| #define PACKAGE_VERSION ""
| #define PACKAGE_STRING ""
| #define PACKAGE_BUGREPORT ""
| #define PACKAGE "openglut"
| #define VERSION "0.6.3"
| #define STDC_HEADERS 1
| #define HAVE_SYS_TYPES_H 1
| #define HAVE_SYS_STAT_H 1
| #define HAVE_STDLIB_H 1
| #define HAVE_STRING_H 1
| #define HAVE_MEMORY_H 1
| #define HAVE_STRINGS_H 1
| #define HAVE_INTTYPES_H 1
| #define HAVE_STDINT_H 1
| #define HAVE_UNISTD_H 1
| #ifdef __cplusplus
| extern "C" void exit (int);
| #endif
| #define X_DISPLAY_MISSING 1
| #define STDC_HEADERS 1
| #define HAVE_GL_GL_H 1
| #define HAVE_GL_GLU_H 1
| /* end confdefs.h.  */
| #include <X11/Xlib.h>
| 
| #include <X11/extensions/xf86vmode.h>
configure:21142: result: no
configure:21301: checking for cos in -lm
configure:21331: gcc -o conftest.exe -g -O2   conftest.c -lm   >&5
conftest.c:35:6: warning: conflicting types for built-in function 'cos' [enabled by default]
configure:21337: $? = 0
configure:21341: test -z 
			 || test ! -s conftest.err
configure:21344: $? = 0
configure:21347: test -s conftest.exe
configure:21350: $? = 0
configure:21363: result: yes
configure:21557: creating ./config.status

## ---------------------- ##
## Running config.status. ##
## ---------------------- ##

This file was extended by config.status, which was
generated by GNU Autoconf 2.59.  Invocation command line was

  CONFIG_FILES    = 
  CONFIG_HEADERS  = 
  CONFIG_LINKS    = 
  CONFIG_COMMANDS = 
  $ ./config.status 

on b

config.status:745: creating Makefile
config.status:745: creating doc/Makefile
config.status:745: creating progs/Makefile
config.status:745: creating progs/demos/Makefile
config.status:745: creating progs/demos/CallbackMaker/Makefile
config.status:745: creating progs/demos/Fractals/Makefile
config.status:745: creating progs/demos/Fractals_random/Makefile
config.status:745: creating progs/demos/Lorenz/Makefile
config.status:745: creating progs/demos/One/Makefile
config.status:745: creating progs/demos/fonts/Makefile
config.status:745: creating progs/demos/joystick/Makefile
config.status:745: creating progs/demos/offscreen/Makefile
config.status:745: creating progs/demos/shapes/Makefile
config.status:745: creating progs/demos/unmanaged/Makefile
config.status:745: creating progs/redbook/Makefile
config.status:745: creating progs/tests/Makefile
config.status:745: creating progs/tests/fonts/Makefile
config.status:745: creating src/Makefile
config.status:745: creating include/Makefile
config.status:745: creating include/GL/Makefile
config.status:849: creating config.h
config.status:963: config.h is unchanged
config.status:1143: executing depfiles commands
config.status:1143: executing default-1 commands

## ---------------- ##
## Cache variables. ##
## ---------------- ##

ac_cv_build=i686-pc-mingw32
ac_cv_build_alias=i686-pc-mingw32
ac_cv_c_compiler_gnu=yes
ac_cv_c_const=yes
ac_cv_cxx_compiler_gnu=yes
ac_cv_env_CC_set=
ac_cv_env_CC_value=
ac_cv_env_CFLAGS_set=
ac_cv_env_CFLAGS_value=
ac_cv_env_CPPFLAGS_set=
ac_cv_env_CPPFLAGS_value=
ac_cv_env_CPP_set=
ac_cv_env_CPP_value=
ac_cv_env_CXXCPP_set=
ac_cv_env_CXXCPP_value=
ac_cv_env_CXXFLAGS_set=
ac_cv_env_CXXFLAGS_value=
ac_cv_env_CXX_set=
ac_cv_env_CXX_value=
ac_cv_env_F77_set=
ac_cv_env_F77_value=
ac_cv_env_FFLAGS_set=
ac_cv_env_FFLAGS_value=
ac_cv_env_LDFLAGS_set=
ac_cv_env_LDFLAGS_value=
ac_cv_env_build_alias_set=
ac_cv_env_build_alias_value=
ac_cv_env_host_alias_set=
ac_cv_env_host_alias_value=
ac_cv_env_target_alias_set=
ac_cv_env_target_alias_value=
ac_cv_exeext=.exe
ac_cv_f77_compiler_gnu=no
ac_cv_have_x=have_x=no
ac_cv_header_GL_gl_h=yes
ac_cv_header_GL_glu_h=yes
ac_cv_header_GL_glx_h=no
ac_cv_header_X11_extensions_xf86vmode_h=no
ac_cv_header_dlfcn_h=no
ac_cv_header_inttypes_h=yes
ac_cv_header_memory_h=yes
ac_cv_header_stdc=yes
ac_cv_header_stdint_h=yes
ac_cv_header_stdlib_h=yes
ac_cv_header_string_h=yes
ac_cv_header_strings_h=yes
ac_cv_header_sys_stat_h=yes
ac_cv_header_sys_types_h=yes
ac_cv_header_unistd_h=yes
ac_cv_header_usbhid_h=no
ac_cv_host=i686-pc-mingw32
ac_cv_host_alias=i686-pc-mingw32
ac_cv_lib_Xxf86vm_XF86VidModeSwitchToMode=no
ac_cv_lib_m_cos=yes
ac_cv_lib_usbhid_hid_get_report_desc=no
ac_cv_objext=o
ac_cv_path_install='/bin/install -c'
ac_cv_prog_AWK=gawk
ac_cv_prog_CPP='gcc -E'
ac_cv_prog_CXXCPP='g++ -E'
ac_cv_prog_ac_ct_AR=ar
ac_cv_prog_ac_ct_CC=gcc
ac_cv_prog_ac_ct_CXX=g++
ac_cv_prog_ac_ct_RANLIB=ranlib
ac_cv_prog_ac_ct_STRIP=strip
ac_cv_prog_cc_g=yes
ac_cv_prog_cc_stdc=
ac_cv_prog_cxx_g=yes
ac_cv_prog_egrep='grep -E'
ac_cv_prog_f77_g=no
ac_cv_prog_make_make_set=no
am_cv_CC_dependencies_compiler_type=gcc3
am_cv_CXX_dependencies_compiler_type=gcc3
lt_cv_deplibs_check_method='file_magic file format pei*-i386(.*architecture: i386)?'
lt_cv_dlopen=LoadLibrary
lt_cv_dlopen_libs=
lt_cv_file_magic_cmd='$OBJDUMP -f'
lt_cv_file_magic_test_file=
lt_cv_ld_reload_flag=-r
lt_cv_objdir=.libs
lt_cv_path_LD=r:/mingw/mingw32/bin/ld.exe
lt_cv_path_LDCXX=r:/mingw/mingw32/bin/ld.exe
lt_cv_path_NM='/bin/nm -B'
lt_cv_path_SED=/bin/sed
lt_cv_prog_compiler_c_o=yes
lt_cv_prog_compiler_c_o_CXX=yes
lt_cv_prog_compiler_rtti_exceptions=no
lt_cv_prog_gnu_ld=yes
lt_cv_prog_gnu_ldcxx=yes
lt_cv_sys_global_symbol_pipe='sed -n -e '\''s/^.*[ 	]\([ABCDGIRSTW][ABCDGIRSTW]*\)[ 	][ 	]*\(_\)\([_A-Za-z][_A-Za-z0-9]*\)\{0,1\}$/\1 \2\3 \3/p'\'''
lt_cv_sys_global_symbol_to_c_name_address='sed -n -e '\''s/^: \([^ ]*\) $/  {\"\1\", (lt_ptr) 0},/p'\'' -e '\''s/^[BCDEGRST] \([^ ]*\) \([^ ]*\)$/  {"\2", (lt_ptr) \&\2},/p'\'''
lt_cv_sys_global_symbol_to_cdecl='sed -n -e '\''s/^. .* \(.*\)$/extern int \1;/p'\'''
lt_cv_sys_max_cmd_len=8192
lt_lt_cv_prog_compiler_c_o='"yes"'
lt_lt_cv_prog_compiler_c_o_CXX='"yes"'
lt_lt_cv_sys_global_symbol_pipe='"sed -n -e '\''s/^.*[ 	]\\([ABCDGIRSTW][ABCDGIRSTW]*\\)[ 	][ 	]*\\(_\\)\\([_A-Za-z][_A-Za-z0-9]*\\)\\{0,1\\}\$/\\1 \\2\\3 \\3/p'\''"'
lt_lt_cv_sys_global_symbol_to_c_name_address='"sed -n -e '\''s/^: \\([^ ]*\\) \$/  {\\\"\\1\\\", (lt_ptr) 0},/p'\'' -e '\''s/^[BCDEGRST] \\([^ ]*\\) \\([^ ]*\\)\$/  {\"\\2\", (lt_ptr) \\&\\2},/p'\''"'
lt_lt_cv_sys_global_symbol_to_cdecl='"sed -n -e '\''s/^. .* \\(.*\\)\$/extern int \\1;/p'\''"'

## ----------------- ##
## Output variables. ##
## ----------------- ##

ACLOCAL='${SHELL} /k/code/mylcd/contribs/src/openglut/missing --run aclocal-1.9'
AMDEPBACKSLASH='\'
AMDEP_FALSE='#'
AMDEP_TRUE=''
AMTAR='${SHELL} /k/code/mylcd/contribs/src/openglut/missing --run tar'
AR='ar'
AUTOCONF='${SHELL} /k/code/mylcd/contribs/src/openglut/missing --run autoconf'
AUTOHEADER='${SHELL} /k/code/mylcd/contribs/src/openglut/missing --run autoheader'
AUTOMAKE='${SHELL} /k/code/mylcd/contribs/src/openglut/missing --run automake-1.9'
AWK='gawk'
CC='gcc'
CCDEPMODE='depmode=gcc3'
CFLAGS='-w'
CPP='gcc -E'
CPPFLAGS=''
CXX='g++'
CXXCPP='g++ -E'
CXXDEPMODE='depmode=gcc3'
CXXFLAGS='-g -O2'
CYGPATH_W='echo'
DEFS='-DHAVE_CONFIG_H'
DEPDIR='.deps'
ECHO='echo'
ECHO_C=''
ECHO_N='-n'
ECHO_T=''
EGREP='grep -E'
EXEEXT='.exe'
F77=''
FFLAGS=''
HEADER=''
INSTALL_DATA='${INSTALL} -m 644'
INSTALL_PROGRAM='${INSTALL}'
INSTALL_SCRIPT='${INSTALL}'
INSTALL_STRIP_PROGRAM='${SHELL} $(install_sh) -c -s'
LDFLAGS=''
LIBM='-lm'
LIBOBJS=''
LIBRARY='openglut'
LIBS=''
LIBTOOL='$(SHELL) $(top_builddir)/libtool'
LIBTOOL_DEPS='./ltmain.sh'
LIBXXF86VM=''
LN_S='ln -s'
LTLIBOBJS=''
MAKEINFO='${SHELL} /k/code/mylcd/contribs/src/openglut/missing --run makeinfo'
OBJEXT='o'
OG_EXTRA_BUILD='progs'
PACKAGE='openglut'
PACKAGE_BUGREPORT=''
PACKAGE_NAME=''
PACKAGE_STRING=''
PACKAGE_TARNAME=''
PACKAGE_VERSION=''
PATH_SEPARATOR=':'
RANLIB='ranlib'
SET_MAKE='MAKE=make'
SHELL='/bin/sh'
STRIP='strip'
VERSION='0.6.3'
X_CFLAGS=''
X_EXTRA_LIBS=''
X_LIBS=''
X_PRE_LIBS=''
ac_ct_AR='ar'
ac_ct_CC='gcc'
ac_ct_CXX='g++'
ac_ct_F77=''
ac_ct_RANLIB='ranlib'
ac_ct_STRIP='strip'
am__fastdepCC_FALSE='#'
am__fastdepCC_TRUE=''
am__fastdepCXX_FALSE='#'
am__fastdepCXX_TRUE=''
am__include='include'
am__leading_dot='.'
am__quote=''
am__tar='${AMTAR} chof - "$$tardir"'
am__untar='${AMTAR} xf -'
bindir='${exec_prefix}/bin'
build='i686-pc-mingw32'
build_alias=''
build_cpu='i686'
build_os='mingw32'
build_vendor='pc'
datadir='${prefix}/share'
exec_prefix='${prefix}'
host='i686-pc-mingw32'
host_alias=''
host_cpu='i686'
host_os='mingw32'
host_vendor='pc'
includedir='${prefix}/include'
infodir='${prefix}/info'
install_sh='/k/code/mylcd/contribs/src/openglut/install-sh'
libdir='${exec_prefix}/lib'
libexecdir='${exec_prefix}/libexec'
localstatedir='${prefix}/var'
mandir='${prefix}/man'
mkdir_p='mkdir -p --'
oldincludedir='/usr/include'
prefix='/usr/local'
program_transform_name='s,x,x,'
sbindir='${exec_prefix}/sbin'
sharedstatedir='${prefix}/com'
sysconfdir='${prefix}/etc'
target_alias=''

## ----------- ##
## confdefs.h. ##
## ----------- ##

#define HAVE_GL_GLU_H 1
#define HAVE_GL_GL_H 1
#define HAVE_INTTYPES_H 1
#define HAVE_MEMORY_H 1
#define HAVE_STDINT_H 1
#define HAVE_STDLIB_H 1
#define HAVE_STRINGS_H 1
#define HAVE_STRING_H 1
#define HAVE_SYS_STAT_H 1
#define HAVE_SYS_TYPES_H 1
#define HAVE_UNISTD_H 1
#define PACKAGE "openglut"
#define PACKAGE_BUGREPORT ""
#define PACKAGE_NAME ""
#define PACKAGE_STRING ""
#define PACKAGE_TARNAME ""
#define PACKAGE_VERSION ""
#define STDC_HEADERS 1
#define STDC_HEADERS 1
#define VERSION "0.6.3"
#define X_DISPLAY_MISSING 1
#endif
#ifdef __cplusplus
extern "C" void exit (int);

configure: exit 0

## ---------------------- ##
## Running config.status. ##
## ---------------------- ##

This file was extended by config.status, which was
generated by GNU Autoconf 2.59.  Invocation command line was

  CONFIG_FILES    = 
  CONFIG_HEADERS  = 
  CONFIG_LINKS    = 
  CONFIG_COMMANDS = 
  $ ./config.status src/Makefile depfiles

on b

config.status:745: creating src/Makefile
config.status:1143: executing depfiles commands
