This file contains any messages produced by compilers while
running configure, to aid debugging if configure makes a mistake.

It was created by libjpeg configure 8.0.2, which was
generated by GNU Autoconf 2.63.  Invocation command line was

  $ ./configure CFLAGS=-m32 CXXFLAGS=-m32 LDFLAGS=-m32

## --------- ##
## Platform. ##
## --------- ##

hostname = b
uname -m = i686
uname -r = 2.5.0(0.294/5/3)
uname -s = MINGW32_NT-6.1-WOW
uname -v = 2016-03-01 13:31

/usr/bin/uname -p = unknown
/bin/uname -X     = unknown

/bin/arch              = i686
/usr/bin/arch -k       = unknown
/usr/convex/getsysinfo = unknown
/usr/bin/hostinfo      = unknown
/bin/machine           = unknown
/usr/bin/oslevel       = unknown
/bin/universe          = unknown

PATH: /mingw32/bin
PATH: /usr/local/bin
PATH: /usr/bin
PATH: /bin
PATH: /c/Windows/system32
PATH: /c/Windows
PATH: /c/Windows/system32/wbem
PATH: /c/Program Files (x86)/AMD APP/bin/x86_64
PATH: /c/Program Files (x86)/AMD APP/bin/x86
PATH: /c/Windows/System32/WindowsPowerShell/v1.0
PATH: /c/Program Files/ultraedit
PATH: /c/Program Files (x86)/NVIDIA Corporation/PhysX/Common
PATH: /c/Program Files (x86)/NVIDIA Corporation/PhysX/Common
PATH: /c/Windows/system32
PATH: /c/Windows
PATH: /c/Windows/System32/Wbem
PATH: /c/Windows/System32/WindowsPowerShell/v1.0
PATH: /c/Program Files/ultraedit
PATH: /c/Program Files (x86)/SSH Communications Security/SSH Secure Shell
PATH: /usr/bin/site_perl
PATH: /usr/bin/vendor_perl
PATH: /usr/bin/core_perl


## ----------- ##
## Core tests. ##
## ----------- ##

configure:1965: checking build system type
configure:1983: result: i686-pc-mingw32
configure:2005: checking host system type
configure:2020: result: i686-pc-mingw32
configure:2042: checking target system type
configure:2057: result: i686-pc-mingw32
configure:2104: checking for a BSD-compatible install
configure:2172: result: /usr/bin/install -c
configure:2183: checking whether build environment is sane
configure:2243: result: yes
configure:2384: checking for a thread-safe mkdir -p
configure:2423: result: /usr/bin/mkdir -p
configure:2436: checking for gawk
configure:2452: found /usr/bin/gawk
configure:2463: result: gawk
configure:2474: checking whether make sets $(MAKE)
configure:2496: result: yes
configure:2608: checking for style of include used by make
configure:2636: result: GNU
configure:2706: checking for gcc
configure:2722: found /mingw32/bin/gcc
configure:2733: result: gcc
configure:2965: checking for C compiler version
configure:2973: gcc --version >&5
gcc.exe (x86_64-win32-sjlj-rev0, Built by MinGW-W64 project) 7.3.0
Copyright (C) 2017 Free Software Foundation, Inc.
This is free software; see the source for copying conditions.  There is NO
warranty; not even for MERCHANTABILITY or FITNESS FOR A PARTICULAR PURPOSE.

configure:2977: $? = 0
configure:2984: gcc -v >&5
Using built-in specs.
COLLECT_GCC=R:\msys2\mingw32\bin\gcc.exe
COLLECT_LTO_WRAPPER=R:/msys2/mingw32/bin/../libexec/gcc/x86_64-w64-mingw32/7.3.0/lto-wrapper.exe
Target: x86_64-w64-mingw32
Configured with: ../../../src/gcc-7.3.0/configure --host=x86_64-w64-mingw32 --build=x86_64-w64-mingw32 --target=x86_64-w64-mingw32 --prefix=/mingw64 --with-sysroot=/c/mingw730/x86_64-730-win32-sjlj-rt_v5-rev0/mingw64 --enable-shared --enable-static --enable-targets=all --enable-multilib --enable-languages=c,c++,fortran,lto --enable-libstdcxx-time=yes --enable-threads=win32 --enable-libgomp --enable-libatomic --enable-lto --enable-graphite --enable-checking=release --enable-fully-dynamic-string --enable-version-specific-runtime-libs --enable-libstdcxx-filesystem-ts=yes --enable-sjlj-exceptions --disable-libstdcxx-pch --disable-libstdcxx-debug --enable-bootstrap --disable-rpath --disable-win32-registry --disable-nls --disable-werror --disable-symvers --with-gnu-as --with-gnu-ld --with-arch-32=i686 --with-arch-64=nocona --with-tune-32=generic --with-tune-64=core2 --with-libiconv --with-system-zlib --with-gmp=/c/mingw730/prerequisites/x86_64-w64-mingw32-static --with-mpfr=/c/mingw730/prerequisites/x86_64-w64-mingw32-static --with-mpc=/c/mingw730/prerequisites/x86_64-w64-mingw32-static --with-isl=/c/mingw730/prerequisites/x86_64-w64-mingw32-static --with-pkgversion='x86_64-win32-sjlj-rev0, Built by MinGW-W64 project' --with-bugurl=https://sourceforge.net/projects/mingw-w64 CFLAGS='-O2 -pipe -fno-ident -I/c/mingw730/x86_64-730-win32-sjlj-rt_v5-rev0/mingw64/opt/include -I/c/mingw730/prerequisites/x86_64-zlib-static/include -I/c/mingw730/prerequisites/x86_64-w64-mingw32-static/include' CXXFLAGS='-O2 -pipe -fno-ident -I/c/mingw730/x86_64-730-win32-sjlj-rt_v5-rev0/mingw64/opt/include -I/c/mingw730/prerequisites/x86_64-zlib-static/include -I/c/mingw730/prerequisites/x86_64-w64-mingw32-static/include' CPPFLAGS=' -I/c/mingw730/x86_64-730-win32-sjlj-rt_v5-rev0/mingw64/opt/include -I/c/mingw730/prerequisites/x86_64-zlib-static/include -I/c/mingw730/prerequisites/x86_64-w64-mingw32-static/include' LDFLAGS='-pipe -fno-ident -L/c/mingw730/x86_64-730-win32-sjlj-rt_v5-rev0/mingw64/opt/lib -L/c/mingw730/prerequisites/x86_64-zlib-static/lib -L/c/mingw730/prerequisites/x86_64-w64-mingw32-static/lib '
Thread model: win32
gcc version 7.3.0 (x86_64-win32-sjlj-rev0, Built by MinGW-W64 project) 
configure:2988: $? = 0
configure:2995: gcc -V >&5
gcc.exe: error: unrecognized command line option '-V'
gcc.exe: fatal error: no input files
compilation terminated.
configure:2999: $? = 1
configure:3022: checking for C compiler default output file name
configure:3044: gcc -m32  -m32 conftest.c  >&5
configure:3048: $? = 0
configure:3086: result: a.exe
configure:3105: checking whether the C compiler works
configure:3115: ./a.exe
configure:3119: $? = 0
configure:3138: result: yes
configure:3145: checking whether we are cross compiling
configure:3147: result: no
configure:3150: checking for suffix of executables
configure:3157: gcc -o conftest.exe -m32  -m32 conftest.c  >&5
configure:3161: $? = 0
configure:3187: result: .exe
configure:3193: checking for suffix of object files
configure:3219: gcc -c -m32  conftest.c >&5
configure:3223: $? = 0
configure:3248: result: o
configure:3252: checking whether we are using the GNU C compiler
configure:3281: gcc -c -m32  conftest.c >&5
configure:3288: $? = 0
configure:3305: result: yes
configure:3314: checking whether gcc accepts -g
configure:3344: gcc -c -g  conftest.c >&5
configure:3351: $? = 0
configure:3452: result: yes
configure:3469: checking for gcc option to accept ISO C89
configure:3543: gcc  -c -m32  conftest.c >&5
configure:3550: $? = 0
configure:3573: result: none needed
configure:3593: checking dependency style of gcc
configure:3703: result: gcc3
configure:3718: checking for function prototypes
configure:3721: result: yes
configure:3744: checking how to run the C preprocessor
configure:3784: gcc -E  conftest.c

## ---------------- ##
## Cache variables. ##
## ---------------- ##

ac_cv_build=i686-pc-mingw32
ac_cv_c_compiler_gnu=yes
ac_cv_env_CC_set=
ac_cv_env_CC_value=
ac_cv_env_CFLAGS_set=set
ac_cv_env_CFLAGS_value=-m32
ac_cv_env_CPPFLAGS_set=
ac_cv_env_CPPFLAGS_value=
ac_cv_env_CPP_set=
ac_cv_env_CPP_value=
ac_cv_env_LDFLAGS_set=set
ac_cv_env_LDFLAGS_value=-m32
ac_cv_env_LIBS_set=
ac_cv_env_LIBS_value=
ac_cv_env_build_alias_set=
ac_cv_env_build_alias_value=
ac_cv_env_host_alias_set=
ac_cv_env_host_alias_value=
ac_cv_env_target_alias_set=
ac_cv_env_target_alias_value=
ac_cv_exeext=.exe
ac_cv_host=i686-pc-mingw32
ac_cv_objext=o
ac_cv_path_install='/usr/bin/install -c'
ac_cv_path_mkdir=/usr/bin/mkdir
ac_cv_prog_AWK=gawk
ac_cv_prog_ac_ct_CC=gcc
ac_cv_prog_cc_c89=
ac_cv_prog_cc_g=yes
ac_cv_prog_make_make_set=yes
ac_cv_target=i686-pc-mingw32
am_cv_CC_dependencies_compiler_type=gcc3

## ----------------- ##
## Output variables. ##
## ----------------- ##

ACLOCAL='${SHELL} /k/code/mylcd/contribs/src/jpeg-8b/missing --run aclocal-1.11'
AMDEPBACKSLASH='\'
AMDEP_FALSE='#'
AMDEP_TRUE=''
AMTAR='${SHELL} /k/code/mylcd/contribs/src/jpeg-8b/missing --run tar'
AM_BACKSLASH='\'
AM_DEFAULT_VERBOSITY='0'
ANSI2KNR=''
AR=''
AS=''
AUTOCONF='${SHELL} /k/code/mylcd/contribs/src/jpeg-8b/missing --run autoconf'
AUTOHEADER='echo autoheader ignored'
AUTOMAKE='${SHELL} /k/code/mylcd/contribs/src/jpeg-8b/missing --run automake-1.11'
AWK='gawk'
CC='gcc'
CCDEPMODE='depmode=gcc3'
CFLAGS='-m32'
CPP='gcc -E'
CPPFLAGS=''
CYGPATH_W='cygpath -w'
DEFS=''
DEPDIR='.deps'
DLLTOOL=''
DSYMUTIL=''
DUMPBIN=''
ECHO_C=''
ECHO_N='-n'
ECHO_T=''
EGREP=''
EXEEXT='.exe'
FGREP=''
GREP=''
HAVE_LD_VERSION_SCRIPT_FALSE=''
HAVE_LD_VERSION_SCRIPT_TRUE=''
INSTALL_DATA='${INSTALL} -m 644'
INSTALL_PROGRAM='${INSTALL}'
INSTALL_SCRIPT='${INSTALL}'
INSTALL_STRIP_PROGRAM='$(install_sh) -c -s'
JPEG_LIB_VERSION=''
LD=''
LDFLAGS='-m32'
LIBOBJS=''
LIBS=''
LIBTOOL=''
LIPO=''
LN_S=''
LTLIBOBJS=''
MAINT=''
MAINTAINER_MODE_FALSE=''
MAINTAINER_MODE_TRUE=''
MAKEINFO='${SHELL} /k/code/mylcd/contribs/src/jpeg-8b/missing --run makeinfo'
MEMORYMGR=''
MKDIR_P='/usr/bin/mkdir -p'
NM=''
NMEDIT=''
OBJDUMP=''
OBJEXT='o'
OTOOL64=''
OTOOL=''
PACKAGE='libjpeg'
PACKAGE_BUGREPORT=''
PACKAGE_NAME='libjpeg'
PACKAGE_STRING='libjpeg 8.0.2'
PACKAGE_TARNAME='libjpeg'
PACKAGE_VERSION='8.0.2'
PATH_SEPARATOR=':'
RANLIB=''
SED=''
SET_MAKE=''
SHELL='/bin/sh'
STRIP=''
U=''
VERSION='8.0.2'
ac_ct_CC='gcc'
ac_ct_DUMPBIN=''
am__EXEEXT_FALSE=''
am__EXEEXT_TRUE=''
am__fastdepCC_FALSE='#'
am__fastdepCC_TRUE=''
am__include='include'
am__isrc=''
am__leading_dot='.'
am__quote=''
am__tar='${AMTAR} chof - "$$tardir"'
am__untar='${AMTAR} xf -'
bindir='${exec_prefix}/bin'
build='i686-pc-mingw32'
build_alias=''
build_cpu='i686'
build_os='mingw32'
build_vendor='pc'
datadir='${datarootdir}'
datarootdir='${prefix}/share'
docdir='${datarootdir}/doc/${PACKAGE_TARNAME}'
dvidir='${docdir}'
exec_prefix='NONE'
host='i686-pc-mingw32'
host_alias=''
host_cpu='i686'
host_os='mingw32'
host_vendor='pc'
htmldir='${docdir}'
includedir='${prefix}/include'
infodir='${datarootdir}/info'
install_sh='${SHELL} /k/code/mylcd/contribs/src/jpeg-8b/install-sh'
libdir='${exec_prefix}/lib'
libexecdir='${exec_prefix}/libexec'
localedir='${datarootdir}/locale'
localstatedir='${prefix}/var'
mandir='${datarootdir}/man'
mkdir_p='/usr/bin/mkdir -p'
oldincludedir='/usr/include'
pdfdir='${docdir}'
prefix='NONE'
program_transform_name='s,x,x,'
psdir='${docdir}'
sbindir='${exec_prefix}/sbin'
sharedstatedir='${prefix}/com'
sysconfdir='${prefix}/etc'
target='i686-pc-mingw32'
target_alias=''
target_cpu='i686'
target_os='mingw32'
target_vendor='pc'
to_host_path_cmd=''

## ----------- ##
## confdefs.h. ##
## ----------- ##

#define PACKAGE_NAME "libjpeg"
#define PACKAGE_TARNAME "libjpeg"
#define PACKAGE_VERSION "8.0.2"
#define PACKAGE_STRING "libjpeg 8.0.2"
#define PACKAGE_BUGREPORT ""
#define PACKAGE "libjpeg"
#define VERSION "8.0.2"
#define PROTOTYPES 1
#define __PROTOTYPES 1

configure: caught signal 2
configure: exit 1
